2018-05-23 09:42:04.684 ERROR 32190 --- [nio-8080-exec-3] o.a.c.c.C.[.[.[/].[dispatcherServlet]    : Servlet.service() for servlet [dispatcherServlet] in context with path [] threw exceptio
] with root causesing failed; nested exception is redis.clients.jedis.exceptions.JedisConnectionException: Unknown reply: 

redis.clients.jedis.exceptions.JedisConnectionException: Unknown reply: 
        at redis.clients.jedis.Protocol.process(Protocol.java:164) ~[jedis-2.9.0.jar!/:na]
        at redis.clients.jedis.Protocol.read(Protocol.java:215) ~[jedis-2.9.0.jar!/:na]
        at redis.clients.jedis.Connection.readProtocolWithCheckingBroken(Connection.java:340) ~[jedis-2.9.0.jar!/:na]
        at redis.clients.jedis.Connection.getAll(Connection.java:310) ~[jedis-2.9.0.jar!/:na]
        at redis.clients.jedis.Transaction.exec(Transaction.java:44) ~[jedis-2.9.0.jar!/:na]
        at pers.xyzz.diting.service.impl.CounterServiceImpl.updateCounter(CounterServiceImpl.java:51) ~[classes!/:0.0.1-SNAPSHOT]
        at pers.xyzz.diting.controller.CounterController.updateCounter(CounterController.java:42) ~[classes!/:0.0.1-SNAPSHOT]
        at sun.reflect.GeneratedMethodAccessor37.invoke(Unknown Source) ~[na:na]
        at sun.reflect.DelegatingMethodAccessorImpl.invoke(DelegatingMethodAccessorImpl.java:43) ~[na:1.8.0_25]
        at java.lang.reflect.Method.invoke(Method.java:483) ~[na:1.8.0_25]
        at org.springframework.web.method.support.InvocableHandlerMethod.doInvoke(InvocableHandlerMethod.java:209) ~[spring-web-5.0.5.RELEASE.jar!/:5.0.5.RELEASE]
        at org.springframework.web.method.support.InvocableHandlerMethod.invokeForRequest(InvocableHandlerMethod.java:136) ~[spring-web-5.0.5.RELEASE.jar!/:5.0.5.RELEASE]
        at org.springframework.web.servlet.mvc.method.annotation.ServletInvocableHandlerMethod.invokeAndHandle(ServletInvocableHandlerMethod.java:102) ~[spring-webmvc-5.0.5.RELEASE.jar!/:5.
0.5.RELEASE]
        at org.springframework.web.servlet.mvc.method.annotation.RequestMappingHandlerAdapter.invokeHandlerMethod(RequestMappingHandlerAdapter.java:877) ~[spring-webmvc-5.0.5.RELEASE.jar!/:
5.0.5.RELEASE]
        at org.springframework.web.servlet.mvc.method.annotation.RequestMappingHandlerAdapter.handleInternal(RequestMappingHandlerAdapter.java:783) ~[spring-webmvc-5.0.5.RELEASE.jar!/:5.0.5
.RELEASE]
        at org.springframework.web.servlet.mvc.method.AbstractHandlerMethodAdapter.handle(AbstractHandlerMethodAdapter.java:87) ~[spring-webmvc-5.0.5.RELEASE.jar!/:5.0.5.RELEASE]
        at org.springframework.web.servlet.DispatcherServlet.doDispatch(DispatcherServlet.java:991) ~[spring-webmvc-5.0.5.RELEASE.jar!/:5.0.5.RELEASE]
        at org.springframework.web.servlet.DispatcherServlet.doService(DispatcherServlet.java:925) ~[spring-webmvc-5.0.5.RELEASE.jar!/:5.0.5.RELEASE]
        at org.springframework.web.servlet.FrameworkServlet.processRequest(FrameworkServlet.java:974) ~[spring-webmvc-5.0.5.RELEASE.jar!/:5.0.5.RELEASE]
        at org.springframework.web.servlet.FrameworkServlet.doGet(FrameworkServlet.java:866) ~[spring-webmvc-5.0.5.RELEASE.jar!/:5.0.5.RELEASE]
        at javax.servlet.http.HttpServlet.service(HttpServlet.java:635) ~[tomcat-embed-core-8.5.29.jar!/:8.5.29]
        at org.springframework.web.servlet.FrameworkServlet.service(FrameworkServlet.java:851) ~[spring-webmvc-5.0.5.RELEASE.jar!/:5.0.5.RELEASE]
        at javax.servlet.http.HttpServlet.service(HttpServlet.java:742) ~[tomcat-embed-core-8.5.29.jar!/:8.5.29]
        at org.apache.catalina.core.ApplicationFilterChain.internalDoFilter(ApplicationFilterChain.java:231) ~[tomcat-embed-core-8.5.29.jar!/:8.5.29]
        at org.apache.catalina.core.ApplicationFilterChain.doFilter(ApplicationFilterChain.java:166) ~[tomcat-embed-core-8.5.29.jar!/:8.5.29]
        at org.apache.tomcat.websocket.server.WsFilter.doFilter(WsFilter.java:52) ~[tomcat-embed-websocket-8.5.29.jar!/:8.5.29]
        at org.apache.catalina.core.ApplicationFilterChain.internalDoFilter(ApplicationFilterChain.java:193) ~[tomcat-embed-core-8.5.29.jar!/:8.5.29]
        at org.apache.catalina.core.ApplicationFilterChain.doFilter(ApplicationFilterChain.java:166) ~[tomcat-embed-core-8.5.29.jar!/:8.5.29]
        at org.springframework.boot.actuate.metrics.web.servlet.WebMvcMetricsFilter.filterAndRecordMetrics(WebMvcMetricsFilter.java:158) ~[spring-boot-actuator-2.0.1.RELEASE.jar!/:2.0.1.REL
EASE]
        at org.springframework.boot.actuate.metrics.web.servlet.WebMvcMetricsFilter.filterAndRecordMetrics(WebMvcMetricsFilter.java:126) ~[spring-boot-actuator-2.0.1.RELEASE.jar!/:2.0.1.REL
EASE]
        at org.springframework.boot.actuate.metrics.web.servlet.WebMvcMetricsFilter.doFilterInternal(WebMvcMetricsFilter.java:111) ~[spring-boot-actuator-2.0.1.RELEASE.jar!/:2.0.1.RELEASE]
        at org.springframework.web.filter.OncePerRequestFilter.doFilter(OncePerRequestFilter.java:107) ~[spring-web-5.0.5.RELEASE.jar!/:5.0.5.RELEASE]
        at org.apache.catalina.core.ApplicationFilterChain.internalDoFilter(ApplicationFilterChain.java:193) ~[tomcat-embed-core-8.5.29.jar!/:8.5.29]
        at org.apache.catalina.core.ApplicationFilterChain.doFilter(ApplicationFilterChain.java:166) ~[tomcat-embed-core-8.5.29.jar!/:8.5.29]
        at org.springframework.boot.actuate.web.trace.servlet.HttpTraceFilter.doFilterInternal(HttpTraceFilter.java:84) ~[spring-boot-actuator-2.0.1.RELEASE.jar!/:2.0.1.RELEASE]
        at org.springframework.web.filter.OncePerRequestFilter.doFilter(OncePerRequestFilter.java:107) ~[spring-web-5.0.5.RELEASE.jar!/:5.0.5.RELEASE]
        at org.apache.catalina.core.ApplicationFilterChain.internalDoFilter(ApplicationFilterChain.java:193) ~[tomcat-embed-core-8.5.29.jar!/:8.5.29]
        at org.apache.catalina.core.ApplicationFilterChain.doFilter(ApplicationFilterChain.java:166) ~[tomcat-embed-core-8.5.29.jar!/:8.5.29]
        at org.springframework.web.filter.RequestContextFilter.doFilterInternal(RequestContextFilter.java:99) ~[spring-web-5.0.5.RELEASE.jar!/:5.0.5.RELEASE]
        at org.springframework.web.filter.OncePerRequestFilter.doFilter(OncePerRequestFilter.java:107) ~[spring-web-5.0.5.RELEASE.jar!/:5.0.5.RELEASE]
        at org.apache.catalina.core.ApplicationFilterChain.internalDoFilter(ApplicationFilterChain.java:193) ~[tomcat-embed-core-8.5.29.jar!/:8.5.29]
        at org.apache.catalina.core.ApplicationFilterChain.doFilter(ApplicationFilterChain.java:166) ~[tomcat-embed-core-8.5.29.jar!/:8.5.29]
        at org.springframework.web.filter.HttpPutFormContentFilter.doFilterInternal(HttpPutFormContentFilter.java:109) ~[spring-web-5.0.5.RELEASE.jar!/:5.0.5.RELEASE]
        at org.springframework.web.filter.OncePerRequestFilter.doFilter(OncePerRequestFilter.java:107) ~[spring-web-5.0.5.RELEASE.jar!/:5.0.5.RELEASE]
        at org.apache.catalina.core.ApplicationFilterChain.internalDoFilter(ApplicationFilterChain.java:193) ~[tomcat-embed-core-8.5.29.jar!/:8.5.29]
        at org.apache.catalina.core.ApplicationFilterChain.doFilter(ApplicationFilterChain.java:166) ~[tomcat-embed-core-8.5.29.jar!/:8.5.29]
        at org.springframework.web.filter.HiddenHttpMethodFilter.doFilterInternal(HiddenHttpMethodFilter.java:81) ~[spring-web-5.0.5.RELEASE.jar!/:5.0.5.RELEASE]
        at org.springframework.web.filter.OncePerRequestFilter.doFilter(OncePerRequestFilter.java:107) ~[spring-web-5.0.5.RELEASE.jar!/:5.0.5.RELEASE]
        at org.apache.catalina.core.ApplicationFilterChain.internalDoFilter(ApplicationFilterChain.java:193) ~[tomcat-embed-core-8.5.29.jar!/:8.5.29]
        at org.apache.catalina.core.ApplicationFilterChain.doFilter(ApplicationFilterChain.java:166) ~[tomcat-embed-core-8.5.29.jar!/:8.5.29]
        at org.springframework.web.filter.CharacterEncodingFilter.doFilterInternal(CharacterEncodingFilter.java:200) ~[spring-web-5.0.5.RELEASE.jar!/:5.0.5.RELEASE]
        at org.springframework.web.filter.OncePerRequestFilter.doFilter(OncePerRequestFilter.java:107) ~[spring-web-5.0.5.RELEASE.jar!/:5.0.5.RELEASE]
        at org.apache.catalina.core.ApplicationFilterChain.internalDoFilter(ApplicationFilterChain.java:193) ~[tomcat-embed-core-8.5.29.jar!/:8.5.29]
        at org.apache.catalina.core.ApplicationFilterChain.doFilter(ApplicationFilterChain.java:166) ~[tomcat-embed-core-8.5.29.jar!/:8.5.29]
        at org.apache.catalina.core.StandardWrapperValve.invoke(StandardWrapperValve.java:198) ~[tomcat-embed-core-8.5.29.jar!/:8.5.29]
        at org.apache.catalina.core.StandardContextValve.invoke(StandardContextValve.java:96) [tomcat-embed-core-8.5.29.jar!/:8.5.29]
        at org.apache.catalina.authenticator.AuthenticatorBase.invoke(AuthenticatorBase.java:496) [tomcat-embed-core-8.5.29.jar!/:8.5.29]
        at org.apache.catalina.core.StandardHostValve.invoke(StandardHostValve.java:140) [tomcat-embed-core-8.5.29.jar!/:8.5.29]
        at org.apache.catalina.valves.ErrorReportValve.invoke(ErrorReportValve.java:81) [tomcat-embed-core-8.5.29.jar!/:8.5.29]
        at org.apache.catalina.core.StandardEngineValve.invoke(StandardEngineValve.java:87) [tomcat-embed-core-8.5.29.jar!/:8.5.29]
        at org.apache.catalina.connector.CoyoteAdapter.service(CoyoteAdapter.java:342) [tomcat-embed-core-8.5.29.jar!/:8.5.29]
        at org.apache.coyote.http11.Http11Processor.service(Http11Processor.java:803) [tomcat-embed-core-8.5.29.jar!/:8.5.29]
        at org.apache.coyote.AbstractProcessorLight.process(AbstractProcessorLight.java:66) [tomcat-embed-core-8.5.29.jar!/:8.5.29]
        at org.apache.coyote.AbstractProtocol$ConnectionHandler.process(AbstractProtocol.java:790) [tomcat-embed-core-8.5.29.jar!/:8.5.29]
        at org.apache.tomcat.util.net.NioEndpoint$SocketProcessor.doRun(NioEndpoint.java:1459) [tomcat-embed-core-8.5.29.jar!/:8.5.29]
        at org.apache.tomcat.util.net.SocketProcessorBase.run(SocketProcessorBase.java:49) [tomcat-embed-core-8.5.29.jar!/:8.5.29]
        at java.util.concurrent.ThreadPoolExecutor.runWorker(ThreadPoolExecutor.java:1142) [na:1.8.0_25]
        at java.util.concurrent.ThreadPoolExecutor$Worker.run(ThreadPoolExecutor.java:617) [na:1.8.0_25]
        at org.apache.tomcat.util.threads.TaskThread$WrappingRunnable.run(TaskThread.java:61) [tomcat-embed-core-8.5.29.jar!/:8.5.29]
        at java.lang.Thread.run(Thread.java:745) [na:1.8.0_25]

app name: uat:positionservice-app:solacelistener, count: 1, now: 1527082924478
name: uat:positionservice-app:solacelistener, count: 1, now: 1527082924478
hash: 5:hits:uat:positionservice-app:solacelistener
hash: 60:hits:uat:positionservice-app:solacelistener
hash: 300:hits:uat:positionservice-app:solacelistener
hash: 1800:hits:uat:positionservice-app:solacelistener
hash: 3600:hits:uat:positionservice-app:solacelistener
hash: 18000:hits:uat:positionservice-app:solacelistener
hash: 86400:hits:uat:positionservice-app:solacelistener
app name: uat:positionservice-app:solacelistener, count: 1, now: 1527082924394
name: uat:positionservice-app:solacelistener, count: 1, now: 1527082924394
hash: 5:hits:uat:positionservice-app:solacelistener
hash: 60:hits:uat:positionservice-app:solacelistener
hash: 300:hits:uat:positionservice-app:solacelistener
hash: 1800:hits:uat:positionservice-app:solacelistener
hash: 3600:hits:uat:positionservice-app:solacelistener
hash: 18000:hits:uat:positionservice-app:solacelistener
hash: 86400:hits:uat:positionservice-app:solacelistener
app name: uat:positionservice-app:solacelistener, count: 1, now: 1527082924429
name: uat:positionservice-app:solacelistener, count: 1, now: 1527082924429
app name: uat:positionservice-app:solacelistener, count: 1, now: 1527082924342
hash: 5:hits:uat:positionservice-app:solacelistener
name: uat:positionservice-app:solacelistener, count: 1, now: 1527082924342
hash: 60:hits:uat:positionservice-app:solacelistener
hash: 300:hits:uat:positionservice-app:solacelistener
hash: 5:hits:uat:positionservice-app:solacelistener
hash: 1800:hits:uat:positionservice-app:solacelistener
hash: 60:hits:uat:positionservice-app:solacelistener
hash: 3600:hits:uat:positionservice-app:solacelistener
hash: 18000:hits:uat:positionservice-app:solacelistener
hash: 86400:hits:uat:positionservice-app:solacelistener
hash: 300:hits:uat:positionservice-app:solacelistener
hash: 1800:hits:uat:positionservice-app:solacelistener
hash: 3600:hits:uat:positionservice-app:solacelistener
hash: 18000:hits:uat:positionservice-app:solacelistener
hash: 86400:hits:uat:positionservice-app:solacelistener
app name: uat:positionservice-app:solacelistener, count: 1, now: 1527082924468
name: uat:positionservice-app:solacelistener, count: 1, now: 1527082924468
hash: 5:hits:uat:positionservice-app:solacelistener
hash: 60:hits:uat:positionservice-app:solacelistener
hash: 300:hits:uat:positionservice-app:solacelistener
hash: 1800:hits:uat:positionservice-app:solacelistener
hash: 3600:hits:uat:positionservice-app:solacelistener
hash: 18000:hits:uat:positionservice-app:solacelistener
hash: 86400:hits:uat:positionservice-app:solacelistener
app name: uat:positionservice-app:solacelistener, count: 1, now: 1527082924331
name: uat:positionservice-app:solacelistener, count: 1, now: 1527082924331
hash: 5:hits:uat:positionservice-app:solacelistener
hash: 60:hits:uat:positionservice-app:solacelistener
hash: 300:hits:uat:positionservice-app:solacelistener
hash: 1800:hits:uat:positionservice-app:solacelistener
app name: uat:positionservice-app:solacelistener, count: 1, now: 1527082924306
hash: 3600:hits:uat:positionservice-app:solacelistener
hash: 18000:hits:uat:positionservice-app:solacelistener
hash: 86400:hits:uat:positionservice-app:solacelistener
name: uat:positionservice-app:solacelistener, count: 1, now: 1527082924306
hash: 5:hits:uat:positionservice-app:solacelistener
hash: 60:hits:uat:positionservice-app:solacelistener
hash: 300:hits:uat:positionservice-app:solacelistener
hash: 1800:hits:uat:positionservice-app:solacelistener
hash: 3600:hits:uat:positionservice-app:solacelistener
hash: 18000:hits:uat:positionservice-app:solacelistener
hash: 86400:hits:uat:positionservice-app:solacelistener
app name: uat:positionservice-app:solacelistener, count: 1, now: 1527082924487
name: uat:positionservice-app:solacelistener, count: 1, now: 1527082924487
hash: 5:hits:uat:positionservice-app:solacelistener
hash: 60:hits:uat:positionservice-app:solacelistener
hash: 300:hits:uat:positionservice-app:solacelistener
hash: 1800:hits:uat:positionservice-app:solacelistener
hash: 3600:hits:uat:positionservice-app:solacelistener
hash: 18000:hits:uat:positionservice-app:solacelistener
hash: 86400:hits:uat:positionservice-app:solacelistener
app name: uat:positionservice-app:solacelistener, count: 1, now: 1527082924448
name: uat:positionservice-app:solacelistener, count: 1, now: 1527082924448
hash: 5:hits:uat:positionservice-app:solacelistener
hash: 60:hits:uat:positionservice-app:solacelistener
hash: 300:hits:uat:positionservice-app:solacelistener
hash: 1800:hits:uat:positionservice-app:solacelistener
hash: 3600:hits:uat:positionservice-app:solacelistener
hash: 18000:hits:uat:positionservice-app:solacelistener
hash: 86400:hits:uat:positionservice-app:solacelistener
app name: uat:positionservice-app:solacelistener, count: 1, now: 1527082924317
name: uat:positionservice-app:solacelistener, count: 1, now: 1527082924317
hash: 5:hits:uat:positionservice-app:solacelistener
hash: 60:hits:uat:positionservice-app:solacelistener
hash: 300:hits:uat:positionservice-app:solacelistener
hash: 1800:hits:uat:positionservice-app:solacelistener
2018-05-23 09:42:04.690 ERROR 32190 --- [io-8080-exec-35] o.a.c.c.C.[.[.[/].[dispatcherServlet]    : Servlet.service() for servlet [dispatcherServlet] in context with path [] threw exceptio
n [Request processing failed; nested exception is redis.clients.jedis.exceptions.JedisConnectionException: Unknown reply: U] with root cause

redis.clients.jedis.exceptions.JedisConnectionException: Unknown reply: U
        at redis.clients.jedis.Protocol.process(Protocol.java:164) ~[jedis-2.9.0.jar!/:na]
        at redis.clients.jedis.Protocol.read(Protocol.java:215) ~[jedis-2.9.0.jar!/:na]
        at redis.clients.jedis.Connection.readProtocolWithCheckingBroken(Connection.java:340) ~[jedis-2.9.0.jar!/:na]
        at redis.clients.jedis.Connection.getAll(Connection.java:310) ~[jedis-2.9.0.jar!/:na]
        at redis.clients.jedis.Transaction.exec(Transaction.java:44) ~[jedis-2.9.0.jar!/:na]
        at pers.xyzz.diting.service.impl.CounterServiceImpl.updateCounter(CounterServiceImpl.java:51) ~[classes!/:0.0.1-SNAPSHOT]
        at pers.xyzz.diting.controller.CounterController.updateCounter(CounterController.java:42) ~[classes!/:0.0.1-SNAPSHOT]
        at sun.reflect.GeneratedMethodAccessor37.invoke(Unknown Source) ~[na:na]
        at sun.reflect.DelegatingMethodAccessorImpl.invoke(DelegatingMethodAccessorImpl.java:43) ~[na:1.8.0_25]
        at java.lang.reflect.Method.invoke(Method.java:483) ~[na:1.8.0_25]
        at org.springframework.web.method.support.InvocableHandlerMethod.doInvoke(InvocableHandlerMethod.java:209) ~[spring-web-5.0.5.RELEASE.jar!/:5.0.5.RELEASE]
        at org.springframework.web.method.support.InvocableHandlerMethod.invokeForRequest(InvocableHandlerMethod.java:136) ~[spring-web-5.0.5.RELEASE.jar!/:5.0.5.RELEASE]
        at org.springframework.web.servlet.mvc.method.annotation.ServletInvocableHandlerMethod.invokeAndHandle(ServletInvocableHandlerMethod.java:102) ~[spring-webmvc-5.0.5.RELEASE.jar!/:5.
0.5.RELEASE]
        at org.springframework.web.servlet.mvc.method.annotation.RequestMappingHandlerAdapter.invokeHandlerMethod(RequestMappingHandlerAdapter.java:877) ~[spring-webmvc-5.0.5.RELEASE.jar!/:
5.0.5.RELEASE]
        at org.springframework.web.servlet.mvc.method.annotation.RequestMappingHandlerAdapter.handleInternal(RequestMappingHandlerAdapter.java:783) ~[spring-webmvc-5.0.5.RELEASE.jar!/:5.0.5
.RELEASE]
        at org.springframework.web.servlet.mvc.method.AbstractHandlerMethodAdapter.handle(AbstractHandlerMethodAdapter.java:87) ~[spring-webmvc-5.0.5.RELEASE.jar!/:5.0.5.RELEASE]
        at org.springframework.web.servlet.DispatcherServlet.doDispatch(DispatcherServlet.java:991) ~[spring-webmvc-5.0.5.RELEASE.jar!/:5.0.5.RELEASE]
        at org.springframework.web.servlet.DispatcherServlet.doService(DispatcherServlet.java:925) ~[spring-webmvc-5.0.5.RELEASE.jar!/:5.0.5.RELEASE]
        at org.springframework.web.servlet.FrameworkServlet.processRequest(FrameworkServlet.java:974) ~[spring-webmvc-5.0.5.RELEASE.jar!/:5.0.5.RELEASE]
        at org.springframework.web.servlet.FrameworkServlet.doGet(FrameworkServlet.java:866) ~[spring-webmvc-5.0.5.RELEASE.jar!/:5.0.5.RELEASE]
        at javax.servlet.http.HttpServlet.service(HttpServlet.java:635) ~[tomcat-embed-core-8.5.29.jar!/:8.5.29]
        at org.springframework.web.servlet.FrameworkServlet.service(FrameworkServlet.java:851) ~[spring-webmvc-5.0.5.RELEASE.jar!/:5.0.5.RELEASE]
        at javax.servlet.http.HttpServlet.service(HttpServlet.java:742) ~[tomcat-embed-core-8.5.29.jar!/:8.5.29]
        at org.apache.catalina.core.ApplicationFilterChain.internalDoFilter(ApplicationFilterChain.java:231) ~[tomcat-embed-core-8.5.29.jar!/:8.5.29]
        at org.apache.catalina.core.ApplicationFilterChain.doFilter(ApplicationFilterChain.java:166) ~[tomcat-embed-core-8.5.29.jar!/:8.5.29]
        at org.apache.tomcat.websocket.server.WsFilter.doFilter(WsFilter.java:52) ~[tomcat-embed-websocket-8.5.29.jar!/:8.5.29]
        at org.apache.catalina.core.ApplicationFilterChain.internalDoFilter(ApplicationFilterChain.java:193) ~[tomcat-embed-core-8.5.29.jar!/:8.5.29]
        at org.apache.catalina.core.ApplicationFilterChain.doFilter(ApplicationFilterChain.java:166) ~[tomcat-embed-core-8.5.29.jar!/:8.5.29]
        at org.springframework.boot.actuate.metrics.web.servlet.WebMvcMetricsFilter.filterAndRecordMetrics(WebMvcMetricsFilter.java:158) ~[spring-boot-actuator-2.0.1.RELEASE.jar!/:2.0.1.REL
EASE]
        at org.springframework.boot.actuate.metrics.web.servlet.WebMvcMetricsFilter.filterAndRecordMetrics(WebMvcMetricsFilter.java:126) ~[spring-boot-actuator-2.0.1.RELEASE.jar!/:2.0.1.REL
EASE]
        at org.springframework.boot.actuate.metrics.web.servlet.WebMvcMetricsFilter.doFilterInternal(WebMvcMetricsFilter.java:111) ~[spring-boot-actuator-2.0.1.RELEASE.jar!/:2.0.1.RELEASE]
        at org.springframework.web.filter.OncePerRequestFilter.doFilter(OncePerRequestFilter.java:107) ~[spring-web-5.0.5.RELEASE.jar!/:5.0.5.RELEASE]
        at org.apache.catalina.core.ApplicationFilterChain.internalDoFilter(ApplicationFilterChain.java:193) ~[tomcat-embed-core-8.5.29.jar!/:8.5.29]
        at org.apache.catalina.core.ApplicationFilterChain.doFilter(ApplicationFilterChain.java:166) ~[tomcat-embed-core-8.5.29.jar!/:8.5.29]
        at org.springframework.boot.actuate.web.trace.servlet.HttpTraceFilter.doFilterInternal(HttpTraceFilter.java:84) ~[spring-boot-actuator-2.0.1.RELEASE.jar!/:2.0.1.RELEASE]
        at org.springframework.web.filter.OncePerRequestFilter.doFilter(OncePerRequestFilter.java:107) ~[spring-web-5.0.5.RELEASE.jar!/:5.0.5.RELEASE]
        at org.apache.catalina.core.ApplicationFilterChain.internalDoFilter(ApplicationFilterChain.java:193) ~[tomcat-embed-core-8.5.29.jar!/:8.5.29]
        at org.apache.catalina.core.ApplicationFilterChain.doFilter(ApplicationFilterChain.java:166) ~[tomcat-embed-core-8.5.29.jar!/:8.5.29]
        at org.springframework.web.filter.RequestContextFilter.doFilterInternal(RequestContextFilter.java:99) ~[spring-web-5.0.5.RELEASE.jar!/:5.0.5.RELEASE]
        at org.springframework.web.filter.OncePerRequestFilter.doFilter(OncePerRequestFilter.java:107) ~[spring-web-5.0.5.RELEASE.jar!/:5.0.5.RELEASE]
        at org.apache.catalina.core.ApplicationFilterChain.internalDoFilter(ApplicationFilterChain.java:193) ~[tomcat-embed-core-8.5.29.jar!/:8.5.29]
        at org.apache.catalina.core.ApplicationFilterChain.doFilter(ApplicationFilterChain.java:166) ~[tomcat-embed-core-8.5.29.jar!/:8.5.29]
        at org.springframework.web.filter.HttpPutFormContentFilter.doFilterInternal(HttpPutFormContentFilter.java:109) ~[spring-web-5.0.5.RELEASE.jar!/:5.0.5.RELEASE]
        at org.springframework.web.filter.OncePerRequestFilter.doFilter(OncePerRequestFilter.java:107) ~[spring-web-5.0.5.RELEASE.jar!/:5.0.5.RELEASE]
        at org.apache.catalina.core.ApplicationFilterChain.internalDoFilter(ApplicationFilterChain.java:193) ~[tomcat-embed-core-8.5.29.jar!/:8.5.29]
        at org.apache.catalina.core.ApplicationFilterChain.doFilter(ApplicationFilterChain.java:166) ~[tomcat-embed-core-8.5.29.jar!/:8.5.29]
        at org.springframework.web.filter.HiddenHttpMethodFilter.doFilterInternal(HiddenHttpMethodFilter.java:81) ~[spring-web-5.0.5.RELEASE.jar!/:5.0.5.RELEASE]
        at org.springframework.web.filter.OncePerRequestFilter.doFilter(OncePerRequestFilter.java:107) ~[spring-web-5.0.5.RELEASE.jar!/:5.0.5.RELEASE]
        at org.apache.catalina.core.ApplicationFilterChain.internalDoFilter(ApplicationFilterChain.java:193) ~[tomcat-embed-core-8.5.29.jar!/:8.5.29]
        at org.apache.catalina.core.ApplicationFilterChain.doFilter(ApplicationFilterChain.java:166) ~[tomcat-embed-core-8.5.29.jar!/:8.5.29]
        at org.springframework.web.filter.CharacterEncodingFilter.doFilterInternal(CharacterEncodingFilter.java:200) ~[spring-web-5.0.5.RELEASE.jar!/:5.0.5.RELEASE]
        at org.springframework.web.filter.OncePerRequestFilter.doFilter(OncePerRequestFilter.java:107) ~[spring-web-5.0.5.RELEASE.jar!/:5.0.5.RELEASE]
        at org.apache.catalina.core.ApplicationFilterChain.internalDoFilter(ApplicationFilterChain.java:193) ~[tomcat-embed-core-8.5.29.jar!/:8.5.29]
        at org.apache.catalina.core.ApplicationFilterChain.doFilter(ApplicationFilterChain.java:166) ~[tomcat-embed-core-8.5.29.jar!/:8.5.29]
        at org.apache.catalina.core.StandardWrapperValve.invoke(StandardWrapperValve.java:198) ~[tomcat-embed-core-8.5.29.jar!/:8.5.29]
        at org.apache.catalina.core.StandardContextValve.invoke(StandardContextValve.java:96) [tomcat-embed-core-8.5.29.jar!/:8.5.29]
        at org.apache.catalina.authenticator.AuthenticatorBase.invoke(AuthenticatorBase.java:496) [tomcat-embed-core-8.5.29.jar!/:8.5.29]
        at org.apache.catalina.core.StandardHostValve.invoke(StandardHostValve.java:140) [tomcat-embed-core-8.5.29.jar!/:8.5.29]
        at org.apache.catalina.valves.ErrorReportValve.invoke(ErrorReportValve.java:81) [tomcat-embed-core-8.5.29.jar!/:8.5.29]
        at org.apache.catalina.core.StandardEngineValve.invoke(StandardEngineValve.java:87) [tomcat-embed-core-8.5.29.jar!/:8.5.29]
        at org.apache.catalina.connector.CoyoteAdapter.service(CoyoteAdapter.java:342) [tomcat-embed-core-8.5.29.jar!/:8.5.29]
        at org.apache.coyote.http11.Http11Processor.service(Http11Processor.java:803) [tomcat-embed-core-8.5.29.jar!/:8.5.29]
        at org.apache.coyote.AbstractProcessorLight.process(AbstractProcessorLight.java:66) [tomcat-embed-core-8.5.29.jar!/:8.5.29]
        at org.apache.coyote.AbstractProtocol$ConnectionHandler.process(AbstractProtocol.java:790) [tomcat-embed-core-8.5.29.jar!/:8.5.29]
        at org.apache.tomcat.util.net.NioEndpoint$SocketProcessor.doRun(NioEndpoint.java:1459) [tomcat-embed-core-8.5.29.jar!/:8.5.29]
        at org.apache.tomcat.util.net.SocketProcessorBase.run(SocketProcessorBase.java:49) [tomcat-embed-core-8.5.29.jar!/:8.5.29]
        at java.util.concurrent.ThreadPoolExecutor.runWorker(ThreadPoolExecutor.java:1142) [na:1.8.0_25]
        at java.util.concurrent.ThreadPoolExecutor$Worker.run(ThreadPoolExecutor.java:617) [na:1.8.0_25]
        at org.apache.tomcat.util.threads.TaskThread$WrappingRunnable.run(TaskThread.java:61) [tomcat-embed-core-8.5.29.jar!/:8.5.29]
        at java.lang.Thread.run(Thread.java:745) [na:1.8.0_25]

app name: uat:positionservice-app:solacelistener, count: 1, now: 1527082924680
name: uat:positionservice-app:solacelistener, count: 1, now: 1527082924680
hash: 5:hits:uat:positionservice-app:solacelistener
hash: 60:hits:uat:positionservice-app:solacelistener
hash: 300:hits:uat:positionservice-app:solacelistener
hash: 1800:hits:uat:positionservice-app:solacelistener
hash: 3600:hits:uat:positionservice-app:solacelistener
hash: 18000:hits:uat:positionservice-app:solacelistener
hash: 86400:hits:uat:positionservice-app:solacelistener
2018-05-23 09:42:04.691 ERROR 32190 --- [io-8080-exec-14] o.a.c.c.C.[.[.[/].[dispatcherServlet]    : Servlet.service() for servlet [dispatcherServlet] in context with path [] threw exceptio
n [Request processing failed; nested exception is redis.clients.jedis.exceptions.JedisConnectionException: Unknown reply: Q] with root cause

redis.clients.jedis.exceptions.JedisConnectionException: Unknown reply: Q
        at redis.clients.jedis.Protocol.process(Protocol.java:164) ~[jedis-2.9.0.jar!/:na]
        at redis.clients.jedis.Protocol.read(Protocol.java:215) ~[jedis-2.9.0.jar!/:na]
        at redis.clients.jedis.Connection.readProtocolWithCheckingBroken(Connection.java:340) ~[jedis-2.9.0.jar!/:na]
        at redis.clients.jedis.Connection.getAll(Connection.java:310) ~[jedis-2.9.0.jar!/:na]
        at redis.clients.jedis.Transaction.exec(Transaction.java:44) ~[jedis-2.9.0.jar!/:na]
        at pers.xyzz.diting.service.impl.CounterServiceImpl.updateCounter(CounterServiceImpl.java:51) ~[classes!/:0.0.1-SNAPSHOT]
        at pers.xyzz.diting.controller.CounterController.updateCounter(CounterController.java:42) ~[classes!/:0.0.1-SNAPSHOT]
        at sun.reflect.GeneratedMethodAccessor37.invoke(Unknown Source) ~[na:na]
        at sun.reflect.DelegatingMethodAccessorImpl.invoke(DelegatingMethodAccessorImpl.java:43) ~[na:1.8.0_25]
        at java.lang.reflect.Method.invoke(Method.java:483) ~[na:1.8.0_25]
        at org.springframework.web.method.support.InvocableHandlerMethod.doInvoke(InvocableHandlerMethod.java:209) ~[spring-web-5.0.5.RELEASE.jar!/:5.0.5.RELEASE]
        at org.springframework.web.method.support.InvocableHandlerMethod.invokeForRequest(InvocableHandlerMethod.java:136) ~[spring-web-5.0.5.RELEASE.jar!/:5.0.5.RELEASE]
        at org.springframework.web.servlet.mvc.method.annotation.ServletInvocableHandlerMethod.invokeAndHandle(ServletInvocableHandlerMethod.java:102) ~[spring-webmvc-5.0.5.RELEASE.jar!/:5.
0.5.RELEASE]
        at org.springframework.web.servlet.mvc.method.annotation.RequestMappingHandlerAdapter.invokeHandlerMethod(RequestMappingHandlerAdapter.java:877) ~[spring-webmvc-5.0.5.RELEASE.jar!/:
5.0.5.RELEASE]
        at org.springframework.web.servlet.mvc.method.annotation.RequestMappingHandlerAdapter.handleInternal(RequestMappingHandlerAdapter.java:783) ~[spring-webmvc-5.0.5.RELEASE.jar!/:5.0.5
.RELEASE]
        at org.springframework.web.servlet.mvc.method.AbstractHandlerMethodAdapter.handle(AbstractHandlerMethodAdapter.java:87) ~[spring-webmvc-5.0.5.RELEASE.jar!/:5.0.5.RELEASE]
        at org.springframework.web.servlet.DispatcherServlet.doDispatch(DispatcherServlet.java:991) ~[spring-webmvc-5.0.5.RELEASE.jar!/:5.0.5.RELEASE]
        at org.springframework.web.servlet.DispatcherServlet.doService(DispatcherServlet.java:925) ~[spring-webmvc-5.0.5.RELEASE.jar!/:5.0.5.RELEASE]
        at org.springframework.web.servlet.FrameworkServlet.processRequest(FrameworkServlet.java:974) ~[spring-webmvc-5.0.5.RELEASE.jar!/:5.0.5.RELEASE]
        at org.springframework.web.servlet.FrameworkServlet.doGet(FrameworkServlet.java:866) ~[spring-webmvc-5.0.5.RELEASE.jar!/:5.0.5.RELEASE]
        at javax.servlet.http.HttpServlet.service(HttpServlet.java:635) ~[tomcat-embed-core-8.5.29.jar!/:8.5.29]
        at org.springframework.web.servlet.FrameworkServlet.service(FrameworkServlet.java:851) ~[spring-webmvc-5.0.5.RELEASE.jar!/:5.0.5.RELEASE]
        at javax.servlet.http.HttpServlet.service(HttpServlet.java:742) ~[tomcat-embed-core-8.5.29.jar!/:8.5.29]
        at org.apache.catalina.core.ApplicationFilterChain.internalDoFilter(ApplicationFilterChain.java:231) ~[tomcat-embed-core-8.5.29.jar!/:8.5.29]
        at org.apache.catalina.core.ApplicationFilterChain.doFilter(ApplicationFilterChain.java:166) ~[tomcat-embed-core-8.5.29.jar!/:8.5.29]
        at org.apache.tomcat.websocket.server.WsFilter.doFilter(WsFilter.java:52) ~[tomcat-embed-websocket-8.5.29.jar!/:8.5.29]
        at org.apache.catalina.core.ApplicationFilterChain.internalDoFilter(ApplicationFilterChain.java:193) ~[tomcat-embed-core-8.5.29.jar!/:8.5.29]
        at org.apache.catalina.core.ApplicationFilterChain.doFilter(ApplicationFilterChain.java:166) ~[tomcat-embed-core-8.5.29.jar!/:8.5.29]
        at org.springframework.boot.actuate.metrics.web.servlet.WebMvcMetricsFilter.filterAndRecordMetrics(WebMvcMetricsFilter.java:158) ~[spring-boot-actuator-2.0.1.RELEASE.jar!/:2.0.1.REL
EASE]
        at org.springframework.boot.actuate.metrics.web.servlet.WebMvcMetricsFilter.filterAndRecordMetrics(WebMvcMetricsFilter.java:126) ~[spring-boot-actuator-2.0.1.RELEASE.jar!/:2.0.1.REL
EASE]
        at org.springframework.boot.actuate.metrics.web.servlet.WebMvcMetricsFilter.doFilterInternal(WebMvcMetricsFilter.java:111) ~[spring-boot-actuator-2.0.1.RELEASE.jar!/:2.0.1.RELEASE]
        at org.springframework.web.filter.OncePerRequestFilter.doFilter(OncePerRequestFilter.java:107) ~[spring-web-5.0.5.RELEASE.jar!/:5.0.5.RELEASE]
        at org.apache.catalina.core.ApplicationFilterChain.internalDoFilter(ApplicationFilterChain.java:193) ~[tomcat-embed-core-8.5.29.jar!/:8.5.29]
        at org.apache.catalina.core.ApplicationFilterChain.doFilter(ApplicationFilterChain.java:166) ~[tomcat-embed-core-8.5.29.jar!/:8.5.29]
        at org.springframework.boot.actuate.web.trace.servlet.HttpTraceFilter.doFilterInternal(HttpTraceFilter.java:84) ~[spring-boot-actuator-2.0.1.RELEASE.jar!/:2.0.1.RELEASE]
        at org.springframework.web.filter.OncePerRequestFilter.doFilter(OncePerRequestFilter.java:107) ~[spring-web-5.0.5.RELEASE.jar!/:5.0.5.RELEASE]
        at org.apache.catalina.core.ApplicationFilterChain.internalDoFilter(ApplicationFilterChain.java:193) ~[tomcat-embed-core-8.5.29.jar!/:8.5.29]
        at org.apache.catalina.core.ApplicationFilterChain.doFilter(ApplicationFilterChain.java:166) ~[tomcat-embed-core-8.5.29.jar!/:8.5.29]
        at org.springframework.web.filter.RequestContextFilter.doFilterInternal(RequestContextFilter.java:99) ~[spring-web-5.0.5.RELEASE.jar!/:5.0.5.RELEASE]
        at org.springframework.web.filter.OncePerRequestFilter.doFilter(OncePerRequestFilter.java:107) ~[spring-web-5.0.5.RELEASE.jar!/:5.0.5.RELEASE]
        at org.apache.catalina.core.ApplicationFilterChain.internalDoFilter(ApplicationFilterChain.java:193) ~[tomcat-embed-core-8.5.29.jar!/:8.5.29]
        at org.apache.catalina.core.ApplicationFilterChain.doFilter(ApplicationFilterChain.java:166) ~[tomcat-embed-core-8.5.29.jar!/:8.5.29]
        at org.springframework.web.filter.HttpPutFormContentFilter.doFilterInternal(HttpPutFormContentFilter.java:109) ~[spring-web-5.0.5.RELEASE.jar!/:5.0.5.RELEASE]
        at org.springframework.web.filter.OncePerRequestFilter.doFilter(OncePerRequestFilter.java:107) ~[spring-web-5.0.5.RELEASE.jar!/:5.0.5.RELEASE]
        at org.apache.catalina.core.ApplicationFilterChain.internalDoFilter(ApplicationFilterChain.java:193) ~[tomcat-embed-core-8.5.29.jar!/:8.5.29]
        at org.apache.catalina.core.ApplicationFilterChain.doFilter(ApplicationFilterChain.java:166) ~[tomcat-embed-core-8.5.29.jar!/:8.5.29]
        at org.springframework.web.filter.HiddenHttpMethodFilter.doFilterInternal(HiddenHttpMethodFilter.java:81) ~[spring-web-5.0.5.RELEASE.jar!/:5.0.5.RELEASE]
        at org.springframework.web.filter.OncePerRequestFilter.doFilter(OncePerRequestFilter.java:107) ~[spring-web-5.0.5.RELEASE.jar!/:5.0.5.RELEASE]
        at org.apache.catalina.core.ApplicationFilterChain.internalDoFilter(ApplicationFilterChain.java:193) ~[tomcat-embed-core-8.5.29.jar!/:8.5.29]
        at org.apache.catalina.core.ApplicationFilterChain.doFilter(ApplicationFilterChain.java:166) ~[tomcat-embed-core-8.5.29.jar!/:8.5.29]
        at org.springframework.web.filter.CharacterEncodingFilter.doFilterInternal(CharacterEncodingFilter.java:200) ~[spring-web-5.0.5.RELEASE.jar!/:5.0.5.RELEASE]
        at org.springframework.web.filter.OncePerRequestFilter.doFilter(OncePerRequestFilter.java:107) ~[spring-web-5.0.5.RELEASE.jar!/:5.0.5.RELEASE]
        at org.apache.catalina.core.ApplicationFilterChain.internalDoFilter(ApplicationFilterChain.java:193) ~[tomcat-embed-core-8.5.29.jar!/:8.5.29]
        at org.apache.catalina.core.ApplicationFilterChain.doFilter(ApplicationFilterChain.java:166) ~[tomcat-embed-core-8.5.29.jar!/:8.5.29]
        at org.apache.catalina.core.StandardWrapperValve.invoke(StandardWrapperValve.java:198) ~[tomcat-embed-core-8.5.29.jar!/:8.5.29]
        at org.apache.catalina.core.StandardContextValve.invoke(StandardContextValve.java:96) [tomcat-embed-core-8.5.29.jar!/:8.5.29]
        at org.apache.catalina.authenticator.AuthenticatorBase.invoke(AuthenticatorBase.java:496) [tomcat-embed-core-8.5.29.jar!/:8.5.29]
        at org.apache.catalina.core.StandardHostValve.invoke(StandardHostValve.java:140) [tomcat-embed-core-8.5.29.jar!/:8.5.29]
        at org.apache.catalina.valves.ErrorReportValve.invoke(ErrorReportValve.java:81) [tomcat-embed-core-8.5.29.jar!/:8.5.29]
        at org.apache.catalina.core.StandardEngineValve.invoke(StandardEngineValve.java:87) [tomcat-embed-core-8.5.29.jar!/:8.5.29]
        at org.apache.catalina.connector.CoyoteAdapter.service(CoyoteAdapter.java:342) [tomcat-embed-core-8.5.29.jar!/:8.5.29]
        at org.apache.coyote.http11.Http11Processor.service(Http11Processor.java:803) [tomcat-embed-core-8.5.29.jar!/:8.5.29]
        at org.apache.coyote.AbstractProcessorLight.process(AbstractProcessorLight.java:66) [tomcat-embed-core-8.5.29.jar!/:8.5.29]
        at org.apache.coyote.AbstractProtocol$ConnectionHandler.process(AbstractProtocol.java:790) [tomcat-embed-core-8.5.29.jar!/:8.5.29]
        at org.apache.tomcat.util.net.NioEndpoint$SocketProcessor.doRun(NioEndpoint.java:1459) [tomcat-embed-core-8.5.29.jar!/:8.5.29]
        at org.apache.tomcat.util.net.SocketProcessorBase.run(SocketProcessorBase.java:49) [tomcat-embed-core-8.5.29.jar!/:8.5.29]
        at java.util.concurrent.ThreadPoolExecutor.runWorker(ThreadPoolExecutor.java:1142) [na:1.8.0_25]
        at java.util.concurrent.ThreadPoolExecutor$Worker.run(ThreadPoolExecutor.java:617) [na:1.8.0_25]
        at org.apache.tomcat.util.threads.TaskThread$WrappingRunnable.run(TaskThread.java:61) [tomcat-embed-core-8.5.29.jar!/:8.5.29]
        at java.lang.Thread.run(Thread.java:745) [na:1.8.0_25]

app name: uat:positionservice-app:solacelistener, count: 1, now: 1527082924353
name: uat:positionservice-app:solacelistener, count: 1, now: 1527082924353
hash: 5:hits:uat:positionservice-app:solacelistener
hash: 60:hits:uat:positionservice-app:solacelistener
hash: 300:hits:uat:positionservice-app:solacelistener
hash: 1800:hits:uat:positionservice-app:solacelistener
hash: 3600:hits:uat:positionservice-app:solacelistener
